TN:
SF:src/api-client/base.api-client.ts
FN:17,(anonymous_0)
FN:24,(anonymous_1)
FN:47,(anonymous_2)
FN:58,(anonymous_3)
FN:87,(anonymous_4)
FN:91,(anonymous_5)
FN:95,(anonymous_6)
FN:99,(anonymous_7)
FN:103,(anonymous_8)
FNF:9
FNH:9
FNDA:21,(anonymous_0)
FNDA:2,(anonymous_1)
FNDA:12,(anonymous_2)
FNDA:12,(anonymous_3)
FNDA:6,(anonymous_4)
FNDA:2,(anonymous_5)
FNDA:2,(anonymous_6)
FNDA:1,(anonymous_7)
FNDA:1,(anonymous_8)
DA:8,2
DA:9,2
DA:11,2
DA:13,21
DA:15,21
DA:17,21
DA:18,21
DA:19,21
DA:20,21
DA:25,2
DA:26,2
DA:28,2
DA:32,2
DA:33,1
DA:36,1
DA:37,1
DA:39,1
DA:41,1
DA:42,1
DA:48,12
DA:49,1
DA:51,11
DA:63,12
DA:64,12
DA:65,12
DA:67,11
DA:69,11
DA:73,10
DA:74,1
DA:75,1
DA:78,9
DA:79,9
DA:80,9
DA:82,3
DA:83,3
DA:88,6
DA:92,2
DA:96,2
DA:100,1
DA:104,1
LF:40
LH:40
BRDA:32,0,0,1
BRDA:37,1,0,1
BRDA:37,1,1,0
BRDA:48,2,0,1
BRDA:65,3,0,11
BRDA:65,3,1,11
BRDA:73,4,0,1
BRF:7
BRH:6
end_of_record
TN:
SF:src/config/Config.ts
FN:18,(anonymous_1)
FN:21,(anonymous_2)
FN:43,(anonymous_3)
FN:47,(anonymous_4)
FN:51,(anonymous_5)
FN:55,(anonymous_6)
FN:59,(anonymous_7)
FN:63,(anonymous_8)
FN:67,(anonymous_9)
FN:71,(anonymous_10)
FN:75,(anonymous_11)
FN:79,(anonymous_12)
FN:83,(anonymous_13)
FN:87,(anonymous_14)
FNF:14
FNH:14
FNDA:27,(anonymous_1)
FNDA:30,(anonymous_2)
FNDA:65,(anonymous_3)
FNDA:4,(anonymous_4)
FNDA:2,(anonymous_5)
FNDA:4,(anonymous_6)
FNDA:4,(anonymous_7)
FNDA:3,(anonymous_8)
FNDA:5,(anonymous_9)
FNDA:2,(anonymous_10)
FNDA:1,(anonymous_11)
FNDA:2,(anonymous_12)
FNDA:2,(anonymous_13)
FNDA:2,(anonymous_14)
DA:6,2
DA:7,2
DA:12,2
DA:13,2
DA:15,2
DA:18,27
DA:22,30
DA:23,27
DA:39,30
DA:44,65
DA:48,4
DA:52,2
DA:56,4
DA:60,4
DA:64,3
DA:68,5
DA:72,2
DA:76,1
DA:80,2
DA:84,2
DA:88,2
DA:92,2
LF:22
LH:22
BRDA:12,0,0,2
BRDA:12,0,1,0
BRDA:22,1,0,27
BRDA:25,2,0,27
BRDA:25,2,1,1
BRDA:28,3,0,27
BRDA:28,3,1,1
BRDA:30,4,0,27
BRDA:30,4,1,1
BRDA:31,5,0,27
BRDA:31,5,1,1
BRDA:32,6,0,27
BRDA:32,6,1,1
BRDA:33,7,0,27
BRDA:33,7,1,0
BRF:15
BRH:13
end_of_record
TN:
SF:src/config/constants.ts
FNF:0
FNH:0
DA:5,2
LF:1
LH:1
BRF:0
BRH:0
end_of_record
TN:
SF:src/config/environment.ts
FNF:0
FNH:0
DA:5,3
DA:6,3
DA:8,3
DA:9,3
DA:11,3
LF:5
LH:5
BRDA:8,0,0,3
BRDA:8,0,1,0
BRDA:12,1,0,3
BRDA:12,1,1,0
BRDA:13,2,0,3
BRDA:13,2,1,0
BRDA:14,3,0,3
BRDA:14,3,1,0
BRDA:16,4,0,3
BRDA:16,4,1,0
BRDA:17,5,0,3
BRDA:17,5,1,0
BRDA:19,6,0,3
BRDA:19,6,1,0
BRDA:22,7,0,3
BRDA:22,7,1,3
BRF:16
BRH:9
end_of_record
TN:
SF:src/logger/logger.ts
FN:24,(anonymous_10)
FN:54,(anonymous_11)
FN:58,(anonymous_12)
FN:62,(anonymous_13)
FN:66,(anonymous_14)
FN:70,(anonymous_15)
FN:79,(anonymous_16)
FN:84,(anonymous_17)
FN:89,(anonymous_18)
FN:96,(anonymous_19)
FNF:10
FNH:10
FNDA:35,(anonymous_10)
FNDA:63,(anonymous_11)
FNDA:16,(anonymous_12)
FNDA:23,(anonymous_13)
FNDA:2,(anonymous_14)
FNDA:10,(anonymous_15)
FNDA:7,(anonymous_16)
FNDA:3,(anonymous_17)
FNDA:43,(anonymous_18)
FNDA:59,(anonymous_19)
DA:5,4
DA:6,4
DA:7,4
DA:11,4
DA:13,4
DA:25,35
DA:26,35
DA:27,35
DA:51,4
DA:55,63
DA:59,16
DA:63,23
DA:67,2
DA:71,10
DA:72,8
DA:74,2
DA:80,7
DA:85,3
DA:86,3
DA:90,43
DA:91,4
DA:92,2
DA:96,59
LF:23
LH:23
BRDA:14,0,0,4
BRDA:14,0,1,0
BRDA:25,1,0,35
BRDA:25,1,1,0
BRDA:26,2,0,11
BRDA:26,2,1,24
BRDA:54,3,0,2
BRDA:71,4,0,8
BRDA:71,4,1,2
BRDA:85,5,0,2
BRDA:85,5,1,1
BRDA:90,6,0,39
BRDA:90,7,0,43
BRDA:90,7,1,4
BRDA:91,8,0,2
BRDA:91,9,0,4
BRDA:91,9,1,3
BRDA:96,10,0,0
BRF:18
BRH:15
end_of_record
TN:
SF:src/page-objects/base.page.ts
FN:19,(anonymous_0)
FN:26,(anonymous_1)
FN:40,(anonymous_2)
FN:54,(anonymous_3)
FN:67,(anonymous_4)
FN:79,(anonymous_5)
FN:88,(anonymous_6)
FN:99,(anonymous_7)
FN:110,(anonymous_8)
FN:115,(anonymous_9)
FN:120,(anonymous_10)
FN:140,(anonymous_11)
FN:148,(anonymous_12)
FNF:13
FNH:8
FNDA:14,(anonymous_0)
FNDA:2,(anonymous_1)
FNDA:1,(anonymous_2)
FNDA:2,(anonymous_3)
FNDA:2,(anonymous_4)
FNDA:2,(anonymous_5)
FNDA:0,(anonymous_6)
FNDA:0,(anonymous_7)
FNDA:0,(anonymous_8)
FNDA:1,(anonymous_9)
FNDA:2,(anonymous_10)
FNDA:0,(anonymous_11)
FNDA:0,(anonymous_12)
DA:7,2
DA:8,2
DA:9,2
DA:10,2
DA:11,2
DA:12,2
DA:14,2
DA:19,14
DA:20,14
DA:21,14
DA:22,14
DA:27,2
DA:28,2
DA:29,2
DA:30,2
DA:31,1
DA:32,1
DA:34,1
DA:35,1
DA:41,1
DA:42,1
DA:43,1
DA:44,1
DA:45,1
DA:46,1
DA:48,0
DA:49,0
DA:55,2
DA:56,2
DA:57,2
DA:58,2
DA:59,1
DA:61,1
DA:62,1
DA:68,2
DA:69,2
DA:70,2
DA:71,2
DA:73,0
DA:74,0
DA:80,2
DA:81,2
DA:83,1
DA:89,0
DA:90,0
DA:91,0
DA:93,0
DA:94,0
DA:100,0
DA:101,0
DA:102,0
DA:104,0
DA:105,0
DA:111,0
DA:116,1
DA:125,2
DA:126,2
DA:129,1
DA:131,1
DA:135,1
DA:144,0
DA:149,0
DA:150,0
DA:151,0
DA:153,0
DA:154,0
LF:66
LH:45
BRDA:71,0,0,2
BRDA:71,0,1,1
BRDA:122,1,0,2
BRDA:128,2,0,2
BRDA:128,2,1,2
BRDA:142,3,0,0
BRF:6
BRH:5
end_of_record
TN:
SF:src/utils/TestHelpers.ts
FN:7,(anonymous_0)
FN:8,(anonymous_1)
FN:11,(anonymous_2)
FN:15,(anonymous_3)
FN:17,(anonymous_4)
FN:23,(anonymous_5)
FN:27,(anonymous_6)
FN:33,(anonymous_7)
FN:38,(anonymous_8)
FN:45,(anonymous_9)
FN:65,(anonymous_10)
FN:68,(anonymous_11)
FN:79,(anonymous_12)
FN:83,(anonymous_13)
FN:87,(anonymous_14)
FN:88,(anonymous_15)
FN:91,(anonymous_16)
FN:93,(anonymous_17)
FN:94,(anonymous_18)
FN:99,(anonymous_19)
FN:112,(anonymous_20)
FN:116,(anonymous_21)
FN:120,(anonymous_22)
FN:124,(anonymous_23)
FNF:24
FNH:24
FNDA:7,(anonymous_0)
FNDA:7,(anonymous_1)
FNDA:33,(anonymous_2)
FNDA:12,(anonymous_3)
FNDA:139,(anonymous_4)
FNDA:6,(anonymous_5)
FNDA:2,(anonymous_6)
FNDA:3,(anonymous_7)
FNDA:5,(anonymous_8)
FNDA:5,(anonymous_9)
FNDA:3,(anonymous_10)
FNDA:3,(anonymous_11)
FNDA:6,(anonymous_12)
FNDA:4,(anonymous_13)
FNDA:3,(anonymous_14)
FNDA:3,(anonymous_15)
FNDA:4,(anonymous_16)
FNDA:4,(anonymous_17)
FNDA:4,(anonymous_18)
FNDA:4,(anonymous_19)
FNDA:4,(anonymous_20)
FNDA:5,(anonymous_21)
FNDA:8,(anonymous_22)
FNDA:8,(anonymous_23)
DA:7,1
DA:8,7
DA:11,1
DA:12,33
DA:15,1
DA:16,12
DA:17,12
DA:18,139
DA:23,1
DA:24,6
DA:27,1
DA:28,2
DA:29,2
DA:33,1
DA:34,3
DA:38,1
DA:39,5
DA:40,5
DA:41,5
DA:45,1
DA:51,5
DA:52,10
DA:53,10
DA:55,7
DA:56,7
DA:57,5
DA:61,2
DA:65,3
DA:68,1
DA:69,3
DA:70,3
DA:71,3
DA:72,2
DA:75,3
DA:79,1
DA:80,6
DA:83,1
DA:84,4
DA:87,1
DA:88,3
DA:91,1
DA:92,4
DA:93,4
DA:94,4
DA:95,4
DA:99,1
DA:100,4
DA:101,4
DA:102,4
DA:103,6
DA:104,6
DA:105,5
DA:108,4
DA:112,1
DA:113,4
DA:116,1
DA:117,5
DA:118,4
DA:119,4
DA:120,8
DA:124,1
DA:128,8
DA:129,8
DA:130,10
DA:131,10
DA:132,4
DA:134,6
DA:137,8
LF:68
LH:68
BRDA:15,0,0,1
BRDA:23,1,0,5
BRDA:47,2,0,3
BRDA:48,3,0,2
BRDA:56,4,0,5
BRDA:71,5,0,2
BRDA:80,6,0,6
BRDA:80,6,1,3
BRDA:93,7,0,4
BRDA:93,7,1,4
BRDA:95,8,0,3
BRDA:95,8,1,1
BRDA:101,9,0,1
BRDA:101,9,1,3
BRDA:104,10,0,5
BRDA:105,11,0,5
BRDA:105,11,1,0
BRDA:113,12,0,2
BRDA:113,12,1,2
BRDA:117,13,0,1
BRDA:126,14,0,4
BRDA:130,15,0,4
BRDA:130,15,1,6
BRDA:131,16,0,4
BRDA:131,16,1,6
BRDA:131,17,0,10
BRDA:131,17,1,10
BRDA:131,17,2,5
BRF:28
BRH:27
end_of_record
